<?xml version="1.0" encoding="UTF-8"?>
<testng-results skipped="0" failed="0" ignored="0" total="1" passed="1">
  <reporter-output>
  </reporter-output>
  <suite name="Functional1" duration-ms="24119" started-at="2020-03-17T01:40:07Z" finished-at="2020-03-17T01:40:31Z">
    <groups>
    </groups>
    <test name="amazon" duration-ms="24119" started-at="2020-03-17T01:40:07Z" finished-at="2020-03-17T01:40:31Z">
      <class name="com.piit.Amazon1.NewTest">
        <test-method status="PASS" signature="beforeClass()[pri:0, instance:com.piit.Amazon1.NewTest@18be83e4]" name="beforeClass" is-config="true" duration-ms="8377" started-at="2020-03-17T01:40:07Z" finished-at="2020-03-17T01:40:15Z">
          <reporter-output>
          </reporter-output>
        </test-method> <!-- beforeClass -->
        <test-method status="PASS" signature="f()[pri:0, instance:com.piit.Amazon1.NewTest@18be83e4]" name="f" duration-ms="13299" started-at="2020-03-17T01:40:15Z" finished-at="2020-03-17T01:40:28Z">
          <reporter-output>
          </reporter-output>
        </test-method> <!-- f -->
        <test-method status="PASS" signature="afterClass()[pri:0, instance:com.piit.Amazon1.NewTest@18be83e4]" name="afterClass" is-config="true" duration-ms="2428" started-at="2020-03-17T01:40:28Z" finished-at="2020-03-17T01:40:31Z">
          <reporter-output>
          </reporter-output>
        </test-method> <!-- afterClass -->
      </class> <!-- com.piit.Amazon1.NewTest -->
    </test> <!-- amazon -->
  </suite> <!-- Functional1 -->
</testng-results>
